[debug] [2020-03-17T11:38:03.765Z] ----------------------------------------------------------------------
[debug] [2020-03-17T11:38:03.767Z] Command:       C:\Program Files\nodejs\node.exe C:\Users\GWL\AppData\Roaming\npm\node_modules\firebase-tools\lib\bin\firebase.js init
[debug] [2020-03-17T11:38:03.767Z] CLI Version:   7.15.1
[debug] [2020-03-17T11:38:03.767Z] Platform:      win32
[debug] [2020-03-17T11:38:03.767Z] Node Version:  v12.16.1
[debug] [2020-03-17T11:38:03.768Z] Time:          Tue Mar 17 2020 17:08:03 GMT+0530 (India Standard Time)
[debug] [2020-03-17T11:38:03.768Z] ----------------------------------------------------------------------
[debug] [2020-03-17T11:38:03.768Z] 
[debug] [2020-03-17T11:38:03.776Z] > command requires scopes: ["email","openid","https://www.googleapis.com/auth/cloudplatformprojects.readonly","https://www.googleapis.com/auth/firebase","https://www.googleapis.com/auth/cloud-platform"]
[debug] [2020-03-17T11:38:03.776Z] > authorizing via signed-in user
[info] 
     ######## #### ########  ######## ########     ###     ######  ########
     ##        ##  ##     ## ##       ##     ##  ##   ##  ##       ##
     ######    ##  ########  ######   ########  #########  ######  ######
     ##        ##  ##    ##  ##       ##     ## ##     ##       ## ##
     ##       #### ##     ## ######## ########  ##     ##  ######  ########

You're about to initialize a Firebase project in this directory:

  D:\Nishant\goodworkscowork-booking-react

[info] 
=== Project Setup
[info] 
[info] First, let's associate this project directory with a Firebase project.
[info] You can create multiple project aliases by running firebase use --add, 
[info] but for now we'll just set up a default project.
[info] 
[info] i  .firebaserc already has a default project, using live-server-c7559.
[debug] [2020-03-17T11:38:08.552Z] > refreshing access token with scopes: ["email","https://www.googleapis.com/auth/cloud-platform","https://www.googleapis.com/auth/cloudplatformprojects.readonly","https://www.googleapis.com/auth/firebase","openid"]
[debug] [2020-03-17T11:38:08.552Z] >>> HTTP REQUEST POST https://www.googleapis.com/oauth2/v3/token  
 <request body omitted>
[debug] [2020-03-17T11:38:10.404Z] <<< HTTP RESPONSE 200
[debug] [2020-03-17T11:38:10.419Z] >>> HTTP REQUEST GET https://firebase.googleapis.com/v1beta1/projects/live-server-c7559  
 
[debug] [2020-03-17T11:38:11.090Z] <<< HTTP RESPONSE 403
[debug] [2020-03-17T11:38:11.091Z] <<< HTTP RESPONSE BODY
[debug] [2020-03-17T11:38:11.098Z] HTTP Error: 403, The caller does not have permission
[debug] [2020-03-17T11:38:11.357Z] FirebaseError: HTTP Error: 403, The caller does not have permission
    at module.exports (C:\Users\GWL\AppData\Roaming\npm\node_modules\firebase-tools\lib\responseToError.js:38:12)
    at Request._callback (C:\Users\GWL\AppData\Roaming\npm\node_modules\firebase-tools\lib\api.js:39:35)
    at Request.self.callback (C:\Users\GWL\AppData\Roaming\npm\node_modules\firebase-tools\node_modules\request\request.js:185:22)
    at Request.emit (events.js:311:20)
    at Request.EventEmitter.emit (domain.js:482:12)
    at Request.<anonymous> (C:\Users\GWL\AppData\Roaming\npm\node_modules\firebase-tools\node_modules\request\request.js:1154:10)
    at Request.emit (events.js:311:20)
    at Request.EventEmitter.emit (domain.js:482:12)
    at IncomingMessage.<anonymous> (C:\Users\GWL\AppData\Roaming\npm\node_modules\firebase-tools\node_modules\request\request.js:1076:12)
    at Object.onceWrapper (events.js:417:28)
    at IncomingMessage.emit (events.js:323:22)
    at IncomingMessage.EventEmitter.emit (domain.js:482:12)
    at endReadableNT (_stream_readable.js:1204:12)
    at processTicksAndRejections (internal/process/task_queues.js:84:21)
[error] 
[error] Error: Failed to get Firebase project live-server-c7559. Please make sure the project exists and your account has permission to access it.
[debug] [2020-03-17T11:38:24.316Z] ----------------------------------------------------------------------
[debug] [2020-03-17T11:38:24.318Z] Command:       C:\Program Files\nodejs\node.exe C:\Users\GWL\AppData\Roaming\npm\node_modules\firebase-tools\lib\bin\firebase.js init
[debug] [2020-03-17T11:38:24.318Z] CLI Version:   7.15.1
[debug] [2020-03-17T11:38:24.318Z] Platform:      win32
[debug] [2020-03-17T11:38:24.318Z] Node Version:  v12.16.1
[debug] [2020-03-17T11:38:24.319Z] Time:          Tue Mar 17 2020 17:08:24 GMT+0530 (India Standard Time)
[debug] [2020-03-17T11:38:24.319Z] ----------------------------------------------------------------------
[debug] [2020-03-17T11:38:24.319Z] 
[debug] [2020-03-17T11:38:24.325Z] > command requires scopes: ["email","openid","https://www.googleapis.com/auth/cloudplatformprojects.readonly","https://www.googleapis.com/auth/firebase","https://www.googleapis.com/auth/cloud-platform"]
[debug] [2020-03-17T11:38:24.325Z] > authorizing via signed-in user
[info] 
     ######## #### ########  ######## ########     ###     ######  ########
     ##        ##  ##     ## ##       ##     ##  ##   ##  ##       ##
     ######    ##  ########  ######   ########  #########  ######  ######
     ##        ##  ##    ##  ##       ##     ## ##     ##       ## ##
     ##       #### ##     ## ######## ########  ##     ##  ######  ########

You're about to initialize a Firebase project in this directory:

  D:\Nishant\goodworkscowork-booking-react

[info] 
=== Project Setup
[info] 
[info] First, let's associate this project directory with a Firebase project.
[info] You can create multiple project aliases by running firebase use --add, 
[info] but for now we'll just set up a default project.
[info] 
[info] i  .firebaserc already has a default project, using live-server-c7559.
[debug] [2020-03-17T11:38:28.016Z] >>> HTTP REQUEST GET https://firebase.googleapis.com/v1beta1/projects/live-server-c7559  
 
[debug] [2020-03-17T11:38:28.697Z] <<< HTTP RESPONSE 403
[debug] [2020-03-17T11:38:28.698Z] <<< HTTP RESPONSE BODY
[debug] [2020-03-17T11:38:28.702Z] HTTP Error: 403, The caller does not have permission
[debug] [2020-03-17T11:38:28.968Z] FirebaseError: HTTP Error: 403, The caller does not have permission
    at module.exports (C:\Users\GWL\AppData\Roaming\npm\node_modules\firebase-tools\lib\responseToError.js:38:12)
    at Request._callback (C:\Users\GWL\AppData\Roaming\npm\node_modules\firebase-tools\lib\api.js:39:35)
    at Request.self.callback (C:\Users\GWL\AppData\Roaming\npm\node_modules\firebase-tools\node_modules\request\request.js:185:22)
    at Request.emit (events.js:311:20)
    at Request.EventEmitter.emit (domain.js:482:12)
    at Request.<anonymous> (C:\Users\GWL\AppData\Roaming\npm\node_modules\firebase-tools\node_modules\request\request.js:1154:10)
    at Request.emit (events.js:311:20)
    at Request.EventEmitter.emit (domain.js:482:12)
    at IncomingMessage.<anonymous> (C:\Users\GWL\AppData\Roaming\npm\node_modules\firebase-tools\node_modules\request\request.js:1076:12)
    at Object.onceWrapper (events.js:417:28)
    at IncomingMessage.emit (events.js:323:22)
    at IncomingMessage.EventEmitter.emit (domain.js:482:12)
    at endReadableNT (_stream_readable.js:1204:12)
    at processTicksAndRejections (internal/process/task_queues.js:84:21)
[error] 
[error] Error: Failed to get Firebase project live-server-c7559. Please make sure the project exists and your account has permission to access it.
