
> GoodWorksCowork-Booking@1.0.0 start /home/ubuntu/goodworkscowork-booking-react
> npm i && concurrently --kill-others "better-npm-run start-default"

npm WARN optional Skipping failed optional dependency /chokidar/fsevents:
npm WARN notsup Not compatible with your operating system or architecture: fsevents@1.2.9
npm WARN optional Skipping failed optional dependency /watchpack/chokidar/fsevents:
npm WARN notsup Not compatible with your operating system or architecture: fsevents@1.2.9
npm WARN optional Skipping failed optional dependency /webpack-dev-server/chokidar/fsevents:
npm WARN notsup Not compatible with your operating system or architecture: fsevents@1.2.9
npm WARN enzyme-adapter-react-15@1.4.0 requires a peer of react-test-renderer@^15.5.0 but none was installed.
npm WARN enzyme-adapter-react-16@1.14.0 requires a peer of react@^16.0.0-0 but none was installed.
npm WARN enzyme-adapter-react-16@1.14.0 requires a peer of react-dom@^16.0.0-0 but none was installed.
npm WARN eslint-config-airbnb@15.1.0 requires a peer of eslint-plugin-jsx-a11y@^5.1.1 but none was installed.
npm WARN eslint-config-react-app@1.0.5 requires a peer of eslint@^3.19.0 but none was installed.
npm WARN eslint-config-react-app@1.0.5 requires a peer of eslint-plugin-jsx-a11y@^5.0.3 but none was installed.
npm WARN eslint-import-resolver-babel-module@4.0.0 requires a peer of babel-plugin-module-resolver@^3.0.0-beta but none was installed.
npm WARN react-chartjs@0.8.0 requires a peer of chart.js@^1.1.1 but none was installed.
npm WARN react-google-maps@9.4.5 requires a peer of @types/googlemaps@^3.0.0 but none was installed.
npm WARN react-google-maps@9.4.5 requires a peer of @types/markerclustererplus@^2.1.29 but none was installed.
npm WARN react-google-maps@9.4.5 requires a peer of @types/react@^15.0.0 || ^16.0.0 but none was installed.
npm WARN react-prop-toggle@1.0.2 requires a peer of react@^16.3.0 but none was installed.
npm WARN react-prop-toggle@1.0.2 requires a peer of react-dom@^16.3.0 but none was installed.
npm WARN react-test-renderer@16.8.6 requires a peer of react@^16.0.0 but none was installed.
npm WARN reactstrap@5.0.0 requires a peer of react@^16.0.0 but none was installed.
npm WARN reactstrap@5.0.0 requires a peer of react-dom@^16.0.0 but none was installed.
npm WARN GoodWorksCowork-Booking@1.0.0 No license field.
events.js:183
      throw er; // Unhandled 'error' event
      ^

Error: EBADF: bad file descriptor, read

npm ERR! Linux 4.15.0-1043-aws
npm ERR! argv "/usr/bin/node" "/usr/bin/npm" "start"
npm ERR! node v8.10.0
npm ERR! npm  v3.5.2
npm ERR! code ELIFECYCLE
npm ERR! GoodWorksCowork-Booking@1.0.0 start: `npm i && concurrently --kill-others "better-npm-run start-default"`
npm ERR! Exit status 1
npm ERR! 
npm ERR! Failed at the GoodWorksCowork-Booking@1.0.0 start script 'npm i && concurrently --kill-others "better-npm-run start-default"'.
npm ERR! Make sure you have the latest version of node.js and npm installed.
npm ERR! If you do, this is most likely a problem with the GoodWorksCowork-Booking package,
npm ERR! not with npm itself.
npm ERR! Tell the author that this fails on your system:
npm ERR!     npm i && concurrently --kill-others "better-npm-run start-default"
npm ERR! You can get information on how to open an issue for this project with:
npm ERR!     npm bugs GoodWorksCowork-Booking
npm ERR! Or if that isn't available, you can get their info via:
npm ERR!     npm owner ls GoodWorksCowork-Booking
npm ERR! There is likely additional logging output above.

npm ERR! Please include the following file with any support request:
npm ERR!     /home/ubuntu/goodworkscowork-booking-react/npm-debug.log
